[20156:15552:0606/131451.896:WARNING:t_skinfilemap.cpp(56)] SGRenderLog:CheckUpdate newMem.OpenMem failed, szNewMem:Local\sgime_skin.v4.filemap.sogouime err:系统错误2: 系统找不到指定的文件。  
打开Filemap失败: Local\sgime_skin.v4.filemap.sogouime3885863fd27
[20156:15552:0606/131451.896:WARNING:t_skinfilemap.cpp(65)] SGRenderLog:CheckUpdate finish: old version:1
[20156:15552:0606/131451.898:WARNING:t_skinfilemap.cpp(67)] SGRenderLog:CheckUpdate finish: new version:4
[20156:15552:0606/131451.982:WARNING:t_skinfilemap.cpp(63)] SGRenderLog:CheckUpdate newMem.OpenMem Suc, szNewMem:Local\sgime_skin.Dpi120.v4.filemap.sogouime
[20156:15552:0606/131451.982:WARNING:t_skinfilemap.cpp(65)] SGRenderLog:CheckUpdate finish: old version:4
[20156:15552:0606/131451.982:WARNING:t_skinfilemap.cpp(67)] SGRenderLog:CheckUpdate finish: new version:4
[5748:27692:0606/134337.729:WARNING:t_skinfilemap.cpp(56)] SGRenderLog:CheckUpdate newMem.OpenMem failed, szNewMem:Local\sgime_skin.v4.filemap.sogouime err:系统错误2: 系统找不到指定的文件。  
打开Filemap失败: Local\sgime_skin.v4.filemap.sogouime3885863fd27
[5748:27692:0606/134337.729:WARNING:t_skinfilemap.cpp(65)] SGRenderLog:CheckUpdate finish: old version:1
[5748:27692:0606/134337.729:WARNING:t_skinfilemap.cpp(67)] SGRenderLog:CheckUpdate finish: new version:4
[5748:27692:0606/134337.808:WARNING:t_skinfilemap.cpp(63)] SGRenderLog:CheckUpdate newMem.OpenMem Suc, szNewMem:Local\sgime_skin.Dpi120.v4.filemap.sogouime
[5748:27692:0606/134337.808:WARNING:t_skinfilemap.cpp(65)] SGRenderLog:CheckUpdate finish: old version:4
[5748:27692:0606/134337.808:WARNING:t_skinfilemap.cpp(67)] SGRenderLog:CheckUpdate finish: new version:4
[21148:24744:0606/135236.725:WARNING:t_skinfilemap.cpp(56)] SGRenderLog:CheckUpdate newMem.OpenMem failed, szNewMem:Local\sgime_skin.v4.filemap.sogouime err:系统错误2: 系统找不到指定的文件。  
打开Filemap失败: Local\sgime_skin.v4.filemap.sogouime3885863fd27
[21148:24744:0606/135236.725:WARNING:t_skinfilemap.cpp(65)] SGRenderLog:CheckUpdate finish: old version:1
[21148:24744:0606/135236.725:WARNING:t_skinfilemap.cpp(67)] SGRenderLog:CheckUpdate finish: new version:4
[21148:24744:0606/135236.791:WARNING:t_skinfilemap.cpp(63)] SGRenderLog:CheckUpdate newMem.OpenMem Suc, szNewMem:Local\sgime_skin.Dpi120.v4.filemap.sogouime
[21148:24744:0606/135236.791:WARNING:t_skinfilemap.cpp(65)] SGRenderLog:CheckUpdate finish: old version:4
[21148:24744:0606/135236.791:WARNING:t_skinfilemap.cpp(67)] SGRenderLog:CheckUpdate finish: new version:4
[28492:27876:0606/135706.128:WARNING:t_skinfilemap.cpp(56)] SGRenderLog:CheckUpdate newMem.OpenMem failed, szNewMem:Local\sgime_skin.v4.filemap.sogouime err:系统错误2: 系统找不到指定的文件。  
打开Filemap失败: Local\sgime_skin.v4.filemap.sogouime3885863fd27
[28492:27876:0606/135706.128:WARNING:t_skinfilemap.cpp(65)] SGRenderLog:CheckUpdate finish: old version:1
[28492:27876:0606/135706.128:WARNING:t_skinfilemap.cpp(67)] SGRenderLog:CheckUpdate finish: new version:4
[28492:27876:0606/135706.213:WARNING:t_skinfilemap.cpp(63)] SGRenderLog:CheckUpdate newMem.OpenMem Suc, szNewMem:Local\sgime_skin.Dpi120.v4.filemap.sogouime
[28492:27876:0606/135706.213:WARNING:t_skinfilemap.cpp(65)] SGRenderLog:CheckUpdate finish: old version:4
[28492:27876:0606/135706.213:WARNING:t_skinfilemap.cpp(67)] SGRenderLog:CheckUpdate finish: new version:4
[22732:21212:0606/140821.419:WARNING:t_skinfilemap.cpp(56)] SGRenderLog:CheckUpdate newMem.OpenMem failed, szNewMem:Local\sgime_skin.v4.filemap.sogouime err:系统错误2: 系统找不到指定的文件。  
打开Filemap失败: Local\sgime_skin.v4.filemap.sogouime3885863fd27
[22732:21212:0606/140821.419:WARNING:t_skinfilemap.cpp(65)] SGRenderLog:CheckUpdate finish: old version:1
[22732:21212:0606/140821.419:WARNING:t_skinfilemap.cpp(67)] SGRenderLog:CheckUpdate finish: new version:4
[22732:21212:0606/140821.481:WARNING:t_skinfilemap.cpp(63)] SGRenderLog:CheckUpdate newMem.OpenMem Suc, szNewMem:Local\sgime_skin.Dpi120.v4.filemap.sogouime
[22732:21212:0606/140821.481:WARNING:t_skinfilemap.cpp(65)] SGRenderLog:CheckUpdate finish: old version:4
[22732:21212:0606/140821.481:WARNING:t_skinfilemap.cpp(67)] SGRenderLog:CheckUpdate finish: new version:4
